<?xml version="1.0" encoding="UTF-8"?>
<!-- Generated by org.testng.reporters.JUnitReportReporter -->
<testsuite hostname="FOCUS-QA-4" name="com.focus.testcases.SmokeSecurityTest" tests="33" failures="0" timestamp="10 May 2021 13:43:07 GMT" time="596.024" errors="0">
  <testcase name="checkLogoutAndLoginWithCreatedRestrictedUser" time="19.629" classname="com.focus.testcases.SmokeSecurityTest"/>
  <testcase name="checkUpdatingTheCreatedUser" time="30.334" classname="com.focus.testcases.SmokeSecurityTest"/>
  <testcase name="verifyPasswordPolicy" time="8.656" classname="com.focus.testcases.SmokeSecurityTest"/>
  <testcase name="checkLogoutAndLoginWithSU" time="9.304" classname="com.focus.testcases.SmokeSecurityTest"/>
  <testcase name="checkEditAndUpdateSavedRole" time="30.412" classname="com.focus.testcases.SmokeSecurityTest"/>
  <testcase name="checkLoginWithUpdatedPassword" time="5.856" classname="com.focus.testcases.SmokeSecurityTest"/>
  <testcase name="checkLogoutLoginWithSU" time="9.363" classname="com.focus.testcases.SmokeSecurityTest"/>
  <testcase name="checkCreateUserWithAllMandatoryFileds" time="36.297" classname="com.focus.testcases.SmokeSecurityTest"/>
  <testcase name="verifyGetTheSimplePasswordPolicy" time="2.502" classname="com.focus.testcases.SmokeSecurityTest"/>
  <testcase name="checkCreateProfileLoadFromAllProfileAndValidatePurchasesVouchers" time="29.598" classname="com.focus.testcases.SmokeSecurityTest"/>
  <testcase name="checkSalesInvoiceVATForRestrictedAccountsThroughUser" time="21.749" classname="com.focus.testcases.SmokeSecurityTest"/>
  <testcase name="checkCreateUserWithRestrictionsForAccount" time="24.861" classname="com.focus.testcases.SmokeSecurityTest"/>
  <testcase name="checkLedgerForRestrictedAccountsInUserThroughRole" time="14.237" classname="com.focus.testcases.SmokeSecurityTest"/>
  <testcase name="checkSalesInvoicesVATForRestrictedAccountsInUserThroughRole" time="21.933" classname="com.focus.testcases.SmokeSecurityTest"/>
  <testcase name="checkLogoutAndLoginWithSUToUpdatedUserDeleteUser" time="9.440" classname="com.focus.testcases.SmokeSecurityTest"/>
  <testcase name="checkDeletingUpdatedUser" time="13.380" classname="com.focus.testcases.SmokeSecurityTest"/>
  <testcase name="verifyPasswordPolicyLists" time="0.125" classname="com.focus.testcases.SmokeSecurityTest"/>
  <testcase name="checkPurchasesVoucherForRestrictedAccountsInUserThroughRole" time="17.497" classname="com.focus.testcases.SmokeSecurityTest"/>
  <testcase name="checkLogoutAndLoginWithCreatedUser" time="19.610" classname="com.focus.testcases.SmokeSecurityTest"/>
  <testcase name="verifyAlertOnDeletePasswordPolicy" time="6.806" classname="com.focus.testcases.SmokeSecurityTest"/>
  <testcase name="checkLogoutAndLoginWithUpdatedUserWithPreviousPassword" time="3.941" classname="com.focus.testcases.SmokeSecurityTest"/>
  <testcase name="verifyPasswordPolicyTestSave" time="1.042" classname="com.focus.testcases.SmokeSecurityTest"/>
  <testcase name="checkLogoutAndLoginWithNewlySavedUser_Testing" time="19.628" classname="com.focus.testcases.SmokeSecurityTest"/>
  <testcase name="checkPurchasesVocherForRestrictedAccountThroughUser" time="16.991" classname="com.focus.testcases.SmokeSecurityTest"/>
  <testcase name="checkCreateProfileSavingValidatingAndDeletingLoadedProfile" time="20.471" classname="com.focus.testcases.SmokeSecurityTest"/>
  <testcase name="verifyUpdateSimplePasswordPolicy" time="3.054" classname="com.focus.testcases.SmokeSecurityTest"/>
  <testcase name="checkEditingAndUpdatingSavedUser" time="34.383" classname="com.focus.testcases.SmokeSecurityTest"/>
  <testcase name="checkCompareAndDeleteUpdatedRole" time="13.952" classname="com.focus.testcases.SmokeSecurityTest"/>
  <testcase name="checkLedgerForRestrictedAccountThroughUser" time="14.128" classname="com.focus.testcases.SmokeSecurityTest"/>
  <testcase name="checInputMandatoryFieldsInCreateUser" time="18.810" classname="com.focus.testcases.SmokeSecurityTest"/>
  <testcase name="CheckSavingAllProfileSTwithAlloptionsEnabled" time="24.768" classname="com.focus.testcases.SmokeSecurityTest"/>
  <testcase name="verifyGetTheUpdatedPasswordPolicy" time="2.426" classname="com.focus.testcases.SmokeSecurityTest"/>
  <testcase name="checkSaveingRoleWithAllfieldsInAllTabs" time="90.841" classname="com.focus.testcases.SmokeSecurityTest"/>
</testsuite> <!-- com.focus.testcases.SmokeSecurityTest -->
