<?xml version="1.0" encoding="UTF-8"?>
<!-- Generated by org.testng.reporters.JUnitReportReporter -->
<testsuite hostname="FOCUS-QA-4" name="com.focus.testcases.PDCTest" tests="34" failures="0" timestamp="10 May 2021 15:27:15 GMT" time="383.041" errors="0">
  <testcase name="checkCreationOfNewCashAndBankAccountType" time="29.024" classname="com.focus.testcases.PDCTest"/>
  <testcase name="checkSavedVoucherInPDRVAT" time="2.381" classname="com.focus.testcases.PDCTest"/>
  <testcase name="checkAddExtraFieldPDCInHeaderFieldOFReceipts" time="18.571" classname="com.focus.testcases.PDCTest"/>
  <testcase name="checkConvertMaturedPDCScreenForPDPVAT" time="14.772" classname="com.focus.testcases.PDCTest"/>
  <testcase name="checkConvertedMaturePDCScreenWithNoPDCExists" time="17.621" classname="com.focus.testcases.PDCTest"/>
  <testcase name="checkConvertingPDPVoucherInPDCScreenAfterExtraField" time="17.085" classname="com.focus.testcases.PDCTest"/>
  <testcase name="checkDeleteOptionInPDRVAT" time="1.682" classname="com.focus.testcases.PDCTest"/>
  <testcase name="checkCovertingVoucherInPDCWithReversePosting" time="15.912" classname="com.focus.testcases.PDCTest"/>
  <testcase name="checkConvertingVouchersPDPInPDCVoucherScreenWithOutPostOnDate" time="0.510" classname="com.focus.testcases.PDCTest"/>
  <testcase name="checkSavedVoucherInPDPVAT" time="2.316" classname="com.focus.testcases.PDCTest"/>
  <testcase name="checkSavedVouchersInPDCVoucherScreenWithOutPostOnDate" time="14.682" classname="com.focus.testcases.PDCTest"/>
  <testcase name="checkConvertingVouchersInPDCVoucherScreenWithOutPostOnDate" time="0.437" classname="com.focus.testcases.PDCTest"/>
  <testcase name="checkDeleteOfConvertedVoucherinRecepits" time="1.259" classname="com.focus.testcases.PDCTest"/>
  <testcase name="CheckSavingVoucherInPDPVAT" time="24.563" classname="com.focus.testcases.PDCTest"/>
  <testcase name="checkSavingVoucherToPostDatedReceipts" time="26.672" classname="com.focus.testcases.PDCTest"/>
  <testcase name="checkEditingVoucherAndSavingInPDRVAT" time="2.487" classname="com.focus.testcases.PDCTest"/>
  <testcase name="checkDeleteOptionInPDPVAT" time="1.533" classname="com.focus.testcases.PDCTest"/>
  <testcase name="checkCovertingVoucherInPDC" time="17.090" classname="com.focus.testcases.PDCTest"/>
  <testcase name="checkSavingVoucherInPDPVATWithVendorB" time="27.248" classname="com.focus.testcases.PDCTest"/>
  <testcase name="checkClickOnConvertedPDCVouchersAfterDeletionOfConvertedVoucherInRecepits" time="13.258" classname="com.focus.testcases.PDCTest"/>
  <testcase name="checkSavedCovertedVoucherInReceiptsAfterReversePosting" time="7.714" classname="com.focus.testcases.PDCTest"/>
  <testcase name="checkPDCOptionsUnderSettings" time="3.121" classname="com.focus.testcases.PDCTest"/>
  <testcase name="checkSavedCovertedVoucherInPaymentsAfterReversePosting" time="13.344" classname="com.focus.testcases.PDCTest"/>
  <testcase name="checkAddExtraFieldPDCInHeaderFieldOFPayments" time="23.109" classname="com.focus.testcases.PDCTest"/>
  <testcase name="checkEditingVoucherAndSavingInPDPVAT" time="2.466" classname="com.focus.testcases.PDCTest"/>
  <testcase name="checkConvertedPDCVoucherInPayments" time="12.865" classname="com.focus.testcases.PDCTest"/>
  <testcase name="checkConvertedPDCVoucherInReceipts" time="7.795" classname="com.focus.testcases.PDCTest"/>
  <testcase name="checkUpdateinPDCUnderSettingMenuForDisableEnableReversePostingInRecepits" time="4.927" classname="com.focus.testcases.PDCTest"/>
  <testcase name="CheckSavedVoucherInPDPVATInCovertedPDCScreen" time="12.869" classname="com.focus.testcases.PDCTest"/>
  <testcase name="checkUpdateinPDCUnderSettingMenuForEnableReversePostingInRecepits" time="4.744" classname="com.focus.testcases.PDCTest"/>
  <testcase name="checkSavingVoucherInPostDatedReceiptsWithCustomerC" time="3.626" classname="com.focus.testcases.PDCTest"/>
  <testcase name="checkSavingNewVoucherInPDPVATOnFutureDateWithCurrencyAEDAndDepartmentINDIA" time="15.681" classname="com.focus.testcases.PDCTest"/>
  <testcase name="checkCovertingPDPVoucherInPDCWithReversePosting" time="18.581" classname="com.focus.testcases.PDCTest"/>
  <testcase name="checkUpdateinPDCUnderSettingMenuForEnableReversePostingInPayments" time="3.096" classname="com.focus.testcases.PDCTest"/>
</testsuite> <!-- com.focus.testcases.PDCTest -->
