<?xml version="1.0" encoding="UTF-8"?>
<!-- Generated by org.testng.reporters.JUnitReportReporter -->
<testsuite hostname="FOCUS-QA-4" name="com.focus.testcases.BinsTest" tests="5" failures="0" timestamp="10 May 2021 13:43:07 GMT" time="20.595" errors="0">
  <testcase name="checkDeleteInBinsInBinsMaster" time="6.626" classname="com.focus.testcases.BinsTest"/>
  <testcase name="checkUpdatedBinsMasterDisplayInBins" time="0.185" classname="com.focus.testcases.BinsTest"/>
  <testcase name="checkBinsMasterInMasterMenu" time="7.892" classname="com.focus.testcases.BinsTest"/>
  <testcase name="checkEditingInSavedBinsINBinsMaster" time="2.334" classname="com.focus.testcases.BinsTest"/>
  <testcase name="checkSavingBinsInBinsMaster" time="3.558" classname="com.focus.testcases.BinsTest"/>
</testsuite> <!-- com.focus.testcases.BinsTest -->
