<?xml version="1.0" encoding="UTF-8"?>
<!-- Generated by org.testng.reporters.JUnitReportReporter -->
<testsuite hostname="FOCUS-QA-4" name="com.focus.testcases.CurrencyTest" tests="3" failures="0" timestamp="10 May 2021 13:43:07 GMT" time="19.846" errors="0">
  <testcase name="checkUpdatingISOCurrencyCodeSLLCoinName" time="5.352" classname="com.focus.testcases.CurrencyTest"/>
  <testcase name="checkOpenCurrencyMenu" time="11.202" classname="com.focus.testcases.CurrencyTest"/>
  <testcase name="checkUpdatingAgainISOCurrencyCodeSLLCoinName" time="3.292" classname="com.focus.testcases.CurrencyTest"/>
</testsuite> <!-- com.focus.testcases.CurrencyTest -->
