<?xml version="1.0" encoding="UTF-8"?>
<!-- Generated by org.testng.reporters.JUnitReportReporter -->
<testsuite hostname="FOCUS-QA-133" name="com.focus.testcases.URLBrowserTest" tests="2" failures="0" timestamp="2 Jan 2023 08:06:28 GMT" time="15.629" errors="0">
  <testcase name="verifyBrowserOpen" time="9.931" classname="com.focus.testcases.URLBrowserTest"/>
  <testcase name="checkLoginPageTitleByURLInputInBrowser" time="5.698" classname="com.focus.testcases.URLBrowserTest"/>
</testsuite> <!-- com.focus.testcases.URLBrowserTest -->
