<?xml version="1.0" encoding="UTF-8"?>
<!-- Generated by org.testng.reporters.JUnitReportReporter -->
<testsuite hostname="FOCUS-QA-4" name="com.focus.testcases.ItemsTest" tests="5" failures="0" timestamp="10 May 2021 13:43:07 GMT" time="31.716" errors="0">
  <testcase name="checkItemMasterInMasterMenu" time="16.236" classname="com.focus.testcases.ItemsTest"/>
  <testcase name="checkDeleteItemInItemMaster" time="7.001" classname="com.focus.testcases.ItemsTest"/>
  <testcase name="checkUpdatedItemMasterDisplayInItemGridBeforeCustomization" time="0.072" classname="com.focus.testcases.ItemsTest"/>
  <testcase name="checkSavingItemInItemMaster" time="4.985" classname="com.focus.testcases.ItemsTest"/>
  <testcase name="checkEditingInSavedItemINItemMaster" time="3.422" classname="com.focus.testcases.ItemsTest"/>
</testsuite> <!-- com.focus.testcases.ItemsTest -->
