<?xml version="1.0" encoding="UTF-8"?>
<!-- Generated by org.testng.reporters.JUnitReportReporter -->
<testsuite hostname="FOCUS-QA-4" name="com.focus.testcases.StandardRateTest" tests="3" failures="0" timestamp="10 May 2021 13:43:07 GMT" time="16.601" errors="0">
  <testcase name="checkSavingStandardRate" time="0.401" classname="com.focus.testcases.StandardRateTest"/>
  <testcase name="checkEditingStandardRate" time="0.752" classname="com.focus.testcases.StandardRateTest"/>
  <testcase name="checkStandardRateDeleteOption" time="15.448" classname="com.focus.testcases.StandardRateTest"/>
</testsuite> <!-- com.focus.testcases.StandardRateTest -->
