<?xml version="1.0" encoding="UTF-8"?>
<!-- Generated by org.testng.reporters.JUnitReportReporter -->
<testsuite hostname="FOCUS-QA-4" name="com.focus.testcases.MaterialRequisitionTest" tests="6" failures="0" timestamp="10 May 2021 14:43:30 GMT" time="70.273" errors="0">
  <testcase name="checkReSavingMaterialRequisitionVoucher1" time="11.823" classname="com.focus.testcases.MaterialRequisitionTest"/>
  <testcase name="checkVerifyingAndDeletingMaterialRequisitionVoucher1" time="4.546" classname="com.focus.testcases.MaterialRequisitionTest"/>
  <testcase name="checkVerifyingAndUpdatingMaterialRequisitionVoucher1" time="8.779" classname="com.focus.testcases.MaterialRequisitionTest"/>
  <testcase name="checkSavingMaterialRequisitionVoucher1" time="41.088" classname="com.focus.testcases.MaterialRequisitionTest"/>
  <testcase name="checkVerifingDetailsOfSavedMaterialRequisitionVouchersInHomepage" time="1.749" classname="com.focus.testcases.MaterialRequisitionTest"/>
  <testcase name="checkVerifyingMaterialRequisitionVoucher1" time="2.288" classname="com.focus.testcases.MaterialRequisitionTest"/>
</testsuite> <!-- com.focus.testcases.MaterialRequisitionTest -->
