<?xml version="1.0" encoding="UTF-8"?>
<!-- Generated by org.testng.reporters.JUnitReportReporter -->
<testsuite hostname="FOCUS-QA-4" name="com.focus.testcases.TransactionsTest" tests="49" failures="0" timestamp="10 May 2021 12:51:01 GMT" time="1293.481" errors="0">
  <testcase name="checkSavingMaterialReceiptNotesVoucher1WithStockItem" time="46.016" classname="com.focus.testcases.TransactionsTest"/>
  <testcase name="checkSavingMaterialReceiptNotesVoucher2WithStockItem" time="19.744" classname="com.focus.testcases.TransactionsTest"/>
  <testcase name="checkVoucherHomeCustomizationEditingAndRemoveWarehouse" time="9.161" classname="com.focus.testcases.TransactionsTest"/>
  <testcase name="checkSavingPurchaseVoucherVoucher2WithSChargesFieldByConvertingPendingLink" time="17.133" classname="com.focus.testcases.TransactionsTest"/>
  <testcase name="checkVoucherHomeCustomizationEditingAndAddingWarehouse" time="10.126" classname="com.focus.testcases.TransactionsTest"/>
  <testcase name="checkVoucherHomeCustomizationAddingDepartment" time="20.619" classname="com.focus.testcases.TransactionsTest"/>
  <testcase name="checkSavingPurchaseVoucherVATVoucher2WithAllItems" time="67.713" classname="com.focus.testcases.TransactionsTest"/>
  <testcase name="checkSavingPurchaseVoucherVATVoucher1WithAllItems" time="85.134" classname="com.focus.testcases.TransactionsTest"/>
  <testcase name="checkDeletingPurchaseVoucherVATVoucher2" time="14.095" classname="com.focus.testcases.TransactionsTest"/>
  <testcase name="checkPrintPdfOfSalesInvoiceVATVoucher1" time="36.359" classname="com.focus.testcases.TransactionsTest"/>
  <testcase name="checkCreatingMChargesFieldInMaterialReceiptNotesVoucherBody" time="18.369" classname="com.focus.testcases.TransactionsTest"/>
  <testcase name="checkSavingRecepitsVATVoucher1" time="32.412" classname="com.focus.testcases.TransactionsTest"/>
  <testcase name="checkSavingMaterialReceiptNotesVoucher3WithMChargesField" time="20.665" classname="com.focus.testcases.TransactionsTest"/>
  <testcase name="checkValidatingMaterialReceiptNotesVoucher2AfterSavingPurchasesVoucher2WithSCharges" time="18.503" classname="com.focus.testcases.TransactionsTest"/>
  <testcase name="chekEditingVoucherINPDRVAT" time="15.663" classname="com.focus.testcases.TransactionsTest"/>
  <testcase name="checkSavingVoucherINPDR" time="38.101" classname="com.focus.testcases.TransactionsTest"/>
  <testcase name="checkSavingCreateViewInHomePageOfPurchaseVoucherVAT" time="21.823" classname="com.focus.testcases.TransactionsTest"/>
  <testcase name="checkDeletingSalesInvoiceVoucherVATVoucher2" time="6.407" classname="com.focus.testcases.TransactionsTest"/>
  <testcase name="checkDeletingPaymentVATVoucher2" time="4.257" classname="com.focus.testcases.TransactionsTest"/>
  <testcase name="checkSavingSalesInvoiceVATVoucher1WithAllItems" time="102.427" classname="com.focus.testcases.TransactionsTest"/>
  <testcase name="checkCreatingSChargesFieldInPurchaseVoucherBody" time="36.172" classname="com.focus.testcases.TransactionsTest"/>
  <testcase name="checkDeletingCreatedViewInHomePageOfPurchaseVoucherVAT" time="5.976" classname="com.focus.testcases.TransactionsTest"/>
  <testcase name="checkSavingPaymentVATVoucher2" time="15.532" classname="com.focus.testcases.TransactionsTest"/>
  <testcase name="checkConveringVouchersINPDCMaturedScreen" time="27.516" classname="com.focus.testcases.TransactionsTest"/>
  <testcase name="checkSavingDesignWorkflowFromMRNToPurchasesVoucher" time="24.981" classname="com.focus.testcases.TransactionsTest"/>
  <testcase name="checkAddExtraFieldPDCInHeaderFieldOFPayments" time="28.028" classname="com.focus.testcases.TransactionsTest"/>
  <testcase name="checkAddExtraFieldPDCInHeaderFieldOFReceipts" time="22.381" classname="com.focus.testcases.TransactionsTest"/>
  <testcase name="checkSavingCreateViewInHomePageForDelete" time="8.856" classname="com.focus.testcases.TransactionsTest"/>
  <testcase name="checkLoadingMChargesFieldInPurchaseVoucherBodyFromMRN" time="34.574" classname="com.focus.testcases.TransactionsTest"/>
  <testcase name="checkValidatingMaterialReceiptNotesVoucher1AfterSavingPurchasesVoucher" time="11.365" classname="com.focus.testcases.TransactionsTest"/>
  <testcase name="checkSavingVoucherINPDPVAT" time="39.882" classname="com.focus.testcases.TransactionsTest"/>
  <testcase name="checkEditingSalesInvoiceVATVoucher1AndUpdating" time="39.966" classname="com.focus.testcases.TransactionsTest"/>
  <testcase name="checkCustomizingFieldForVendorAccountInPurchaseVoucherVAT" time="27.051" classname="com.focus.testcases.TransactionsTest"/>
  <testcase name="checkSavingSalesInvoiceVATVoucher2WithAllItems" time="69.142" classname="com.focus.testcases.TransactionsTest"/>
  <testcase name="chekEditingVoucherINPDPVAT" time="13.529" classname="com.focus.testcases.TransactionsTest"/>
  <testcase name="checkEditingPurchaseVoucherVATVoucher1" time="35.360" classname="com.focus.testcases.TransactionsTest"/>
  <testcase name="checkEnablingUpdateMRNStockValueThroughPurchase" time="22.751" classname="com.focus.testcases.TransactionsTest"/>
  <testcase name="checkDeletingVoucherInPDRVAT" time="23.969" classname="com.focus.testcases.TransactionsTest"/>
  <testcase name="checkSavingPurchaseVoucherVoucher1WithoutUpdateStock" time="46.669" classname="com.focus.testcases.TransactionsTest"/>
  <testcase name="checkEditingPaymentVATVoucher1" time="3.246" classname="com.focus.testcases.TransactionsTest"/>
  <testcase name="checkSavingPurchaseVoucher3WithSChargesAndMChargesFields" time="29.110" classname="com.focus.testcases.TransactionsTest"/>
  <testcase name="checkConvertedVoucherInPayments" time="17.543" classname="com.focus.testcases.TransactionsTest"/>
  <testcase name="checkConvertedVoucherInRecepits" time="19.585" classname="com.focus.testcases.TransactionsTest"/>
  <testcase name="checkDeletingRecepitsVATVocher2" time="3.988" classname="com.focus.testcases.TransactionsTest"/>
  <testcase name="checkEditingCreatedViewInHomePageOfPurchaseVoucherVAT" time="5.723" classname="com.focus.testcases.TransactionsTest"/>
  <testcase name="checkSavingPaymentVATVoucher1" time="39.206" classname="com.focus.testcases.TransactionsTest"/>
  <testcase name="checkValidatingMaterialReceiptNotesVoucher3AfterSavingPurchasesVoucher3WithSChargesAndMCharges" time="18.869" classname="com.focus.testcases.TransactionsTest"/>
  <testcase name="checkEditingRecepitsVATVoucher1" time="6.799" classname="com.focus.testcases.TransactionsTest"/>
  <testcase name="checkSavingRecepitsVATVoucher2" time="10.985" classname="com.focus.testcases.TransactionsTest"/>
</testsuite> <!-- com.focus.testcases.TransactionsTest -->
