<?xml version="1.0" encoding="UTF-8"?>
<!-- Generated by org.testng.reporters.JUnitReportReporter -->
<testsuite hostname="FOCUS-QA-4" name="com.focus.testcases.StockTransferVoucherTest" tests="6" failures="0" timestamp="10 May 2021 14:43:30 GMT" time="178.837" errors="0">
  <testcase name="checkUpdatingStockTransferVoucher" time="4.265" classname="com.focus.testcases.StockTransferVoucherTest"/>
  <testcase name="checkDeletingVoucherInStockTransfer" time="11.173" classname="com.focus.testcases.StockTransferVoucherTest"/>
  <testcase name="checkSuspendOptionInSalesOrdersVoucherWithTransferedStock" time="2.149" classname="com.focus.testcases.StockTransferVoucherTest"/>
  <testcase name="checkSavingStockTransferVoucher" time="106.117" classname="com.focus.testcases.StockTransferVoucherTest"/>
  <testcase name="checkVerifingDetailsOfSavedStockTransferVoucherInHomepage" time="1.601" classname="com.focus.testcases.StockTransferVoucherTest"/>
  <testcase name="checkSavingVoucherUsingCopyDocumentInStockTransfer" time="53.532" classname="com.focus.testcases.StockTransferVoucherTest"/>
</testsuite> <!-- com.focus.testcases.StockTransferVoucherTest -->
