<?xml version="1.0" encoding="UTF-8"?>
<!-- Generated by org.testng.reporters.JUnitReportReporter -->
<testsuite hostname="FOCUS-QA-4" name="com.focus.testcases.ExcessInStocksVoucherTest" tests="5" failures="0" timestamp="10 May 2021 14:43:30 GMT" time="152.871" errors="0">
  <testcase name="checkSavingExcessInStocksVoucherWithAllItems" time="84.390" classname="com.focus.testcases.ExcessInStocksVoucherTest"/>
  <testcase name="checkUpdatingSavedVoucherInExcessInStocks" time="20.116" classname="com.focus.testcases.ExcessInStocksVoucherTest"/>
  <testcase name="checkCopyDocumentOptionAndSavingInExcessInStocks" time="29.772" classname="com.focus.testcases.ExcessInStocksVoucherTest"/>
  <testcase name="checkDeletingVoucherInExcessInStocks" time="4.195" classname="com.focus.testcases.ExcessInStocksVoucherTest"/>
  <testcase name="checkVerifingDetailsOfSavedExcessInStocksVoucherInHomepage" time="14.398" classname="com.focus.testcases.ExcessInStocksVoucherTest"/>
</testsuite> <!-- com.focus.testcases.ExcessInStocksVoucherTest -->
