<?xml version="1.0" encoding="UTF-8"?>
<!-- Generated by org.testng.reporters.JUnitReportReporter -->
<testsuite hostname="FOCUS-QA-4" name="com.focus.testcases.SellerPriceBookTest" tests="6" failures="0" timestamp="10 May 2021 13:43:07 GMT" time="111.660" errors="0">
  <testcase name="checkImportingSellerPriceBook" time="53.541" classname="com.focus.testcases.SellerPriceBookTest"/>
  <testcase name="checkDeletingSellerPriceBook" time="8.562" classname="com.focus.testcases.SellerPriceBookTest"/>
  <testcase name="checkCopyPasteAndSavingSellerPriceBook" time="11.776" classname="com.focus.testcases.SellerPriceBookTest"/>
  <testcase name="checkUpdatingSellerPriceBook" time="7.085" classname="com.focus.testcases.SellerPriceBookTest"/>
  <testcase name="checkSavingSellerPriceBook" time="16.745" classname="com.focus.testcases.SellerPriceBookTest"/>
  <testcase name="checkExportingSellerPriceBook" time="13.951" classname="com.focus.testcases.SellerPriceBookTest"/>
</testsuite> <!-- com.focus.testcases.SellerPriceBookTest -->
