<?xml version="1.0" encoding="UTF-8"?>
<!-- Generated by org.testng.reporters.JUnitReportReporter -->
<testsuite hostname="FOCUS-QA-133" name="com.focus.testcases.LoginPageTest" tests="4" failures="0" timestamp="2 Jan 2023 08:06:28 GMT" time="27.082" errors="0">
  <testcase name="checkSignInBtnWithValidUserNameAndValidPassword" time="25.120" classname="com.focus.testcases.LoginPageTest"/>
  <testcase name="checkUserNameInfoInHomePage" time="0.508" classname="com.focus.testcases.LoginPageTest"/>
  <testcase name="checkCompanyTextDisplayInCompanyListDropdown" time="0.271" classname="com.focus.testcases.LoginPageTest"/>
  <testcase name="checkLoginPageAvailablityOfFields" time="1.183" classname="com.focus.testcases.LoginPageTest"/>
</testsuite> <!-- com.focus.testcases.LoginPageTest -->
