<?xml version="1.0" encoding="UTF-8"?>
<!-- Generated by org.testng.reporters.JUnitReportReporter -->
<testsuite hostname="FOCUS-QA-4" name="com.focus.testcases.UnitsTest" tests="5" failures="0" timestamp="10 May 2021 13:43:07 GMT" time="31.306" errors="0">
  <testcase name="checkEditingInSavedUnitsINUnitsMaster" time="2.017" classname="com.focus.testcases.UnitsTest"/>
  <testcase name="checkDeleteUnitsInUnitsMaster" time="8.640" classname="com.focus.testcases.UnitsTest"/>
  <testcase name="checkUpdatedUnitsMasterDisplayInUnits" time="0.056" classname="com.focus.testcases.UnitsTest"/>
  <testcase name="checkUnitMasterInMAsterMenu" time="16.106" classname="com.focus.testcases.UnitsTest"/>
  <testcase name="checkSavingUnitsInUnitsMaster" time="4.487" classname="com.focus.testcases.UnitsTest"/>
</testsuite> <!-- com.focus.testcases.UnitsTest -->
