<?xml version="1.0" encoding="UTF-8"?>
<!-- Generated by org.testng.reporters.JUnitReportReporter -->
<testsuite hostname="FOCUS-QA-4" name="com.focus.testcases.ReportsTest" tests="23" failures="0" timestamp="10 May 2021 12:51:01 GMT" time="525.908" errors="0">
  <testcase name="checkVendorAgeingSummaryReport" time="27.703" classname="com.focus.testcases.ReportsTest"/>
  <testcase name="checkSubledgerReport" time="17.936" classname="com.focus.testcases.ReportsTest"/>
  <testcase name="checkSavingReportDesignerOfAllTransactionsOfDocumentClass" time="42.672" classname="com.focus.testcases.ReportsTest"/>
  <testcase name="checkMultiLevelStockMovementReports" time="15.160" classname="com.focus.testcases.ReportsTest"/>
  <testcase name="checkTrailBalanceReport" time="36.249" classname="com.focus.testcases.ReportsTest"/>
  <testcase name="checkStockStatementReport" time="21.763" classname="com.focus.testcases.ReportsTest"/>
  <testcase name="checkBalanceSheetReport" time="43.068" classname="com.focus.testcases.ReportsTest"/>
  <testcase name="checkProfitAndLossReport" time="26.745" classname="com.focus.testcases.ReportsTest"/>
  <testcase name="checkCustomerStatementReport" time="23.613" classname="com.focus.testcases.ReportsTest"/>
  <testcase name="checkVendorBillWiseSummaryReport" time="18.574" classname="com.focus.testcases.ReportsTest"/>
  <testcase name="checkStockAnalysisByRmaReports" time="27.830" classname="com.focus.testcases.ReportsTest"/>
  <testcase name="checkStockDetailsByBinsReports" time="16.578" classname="com.focus.testcases.ReportsTest"/>
  <testcase name="checkCustomerListingOfOutstandingBillsReport" time="15.965" classname="com.focus.testcases.ReportsTest"/>
  <testcase name="checkPdcPaymentsRegisterReport" time="18.867" classname="com.focus.testcases.ReportsTest"/>
  <testcase name="checkReceiptRegisterReport" time="19.017" classname="com.focus.testcases.ReportsTest"/>
  <testcase name="checkStockAnalysisByBatchReport" time="11.102" classname="com.focus.testcases.ReportsTest"/>
  <testcase name="checkStockLedgerReport" time="40.225" classname="com.focus.testcases.ReportsTest"/>
  <testcase name="checkStockMovementReports" time="17.472" classname="com.focus.testcases.ReportsTest"/>
  <testcase name="checkStockValuationReports" time="14.667" classname="com.focus.testcases.ReportsTest"/>
  <testcase name="checkFinanacialLedgerReport" time="20.331" classname="com.focus.testcases.ReportsTest"/>
  <testcase name="checkAllTransactionsOfDocumentClassReport" time="15.565" classname="com.focus.testcases.ReportsTest"/>
  <testcase name="checkListingOfDocumentsReport" time="15.907" classname="com.focus.testcases.ReportsTest"/>
  <testcase name="checkPdcReceiptsRegisterReport" time="18.899" classname="com.focus.testcases.ReportsTest"/>
</testsuite> <!-- com.focus.testcases.ReportsTest -->
