<?xml version="1.0" encoding="UTF-8"?>
<!-- Generated by org.testng.reporters.JUnitReportReporter -->
<testsuite hostname="FOCUS-QA-4" name="com.focus.testcases.DesignWorkFlowTest" tests="4" failures="0" timestamp="10 May 2021 13:43:07 GMT" time="64.313" errors="0">
  <testcase name="checkSavingTestWorkFlow" time="20.588" classname="com.focus.testcases.DesignWorkFlowTest"/>
  <testcase name="checkEditingSavedTestWorkFlow" time="5.695" classname="com.focus.testcases.DesignWorkFlowTest"/>
  <testcase name="checkDeletingTestWorkFlow" time="3.894" classname="com.focus.testcases.DesignWorkFlowTest"/>
  <testcase name="checkEditingPurchasesFlow" time="34.136" classname="com.focus.testcases.DesignWorkFlowTest"/>
</testsuite> <!-- com.focus.testcases.DesignWorkFlowTest -->
