<?xml version="1.0" encoding="UTF-8"?>
<!-- Generated by org.testng.reporters.JUnitReportReporter -->
<testsuite hostname="FOCUS-QA-4" name="com.focus.testcases.SanityDocCustViewTest" tests="39" failures="0" timestamp="10 May 2021 13:43:07 GMT" time="599.868" errors="0">
  <testcase name="checkUserCreatedVoucherDisplayWithDocumentTabInDocumentCustomization" time="15.224" classname="com.focus.testcases.SanityDocCustViewTest"/>
  <testcase name="checkRaiseDocumentOptionInTriggers" time="17.786" classname="com.focus.testcases.SanityDocCustViewTest"/>
  <testcase name="checkHeaderBodyandFooterFieldsinDocumentNUmberingTab" time="15.861" classname="com.focus.testcases.SanityDocCustViewTest"/>
  <testcase name="checkLoadingValesinFieldsOnSelectingWareHouseInTypeDropDown" time="6.362" classname="com.focus.testcases.SanityDocCustViewTest"/>
  <testcase name="checkLoginUsersinViewsTabUnderDocumentCustomization" time="5.969" classname="com.focus.testcases.SanityDocCustViewTest"/>
  <testcase name="checkCreatedVoucherEditLayoutInDocumentCustomization" time="15.731" classname="com.focus.testcases.SanityDocCustViewTest"/>
  <testcase name="checkInputingCharacterInputInFourthRowAndCheckFooterValue" time="4.621" classname="com.focus.testcases.SanityDocCustViewTest"/>
  <testcase name="checkSaveOptionInTriggerTab" time="4.821" classname="com.focus.testcases.SanityDocCustViewTest"/>
  <testcase name="checkToggleExpansionINDocumentCustomizationVoucherScreen" time="7.386" classname="com.focus.testcases.SanityDocCustViewTest"/>
  <testcase name="checkInputingInputInTypeColumnInFifthRowAndCheckFooterValue" time="4.834" classname="com.focus.testcases.SanityDocCustViewTest"/>
  <testcase name="checkFieldDetailsTabInputDefaultValueAndPropertiesOptionReadOnlyAndClickOnApplyInEditLayout" time="20.906" classname="com.focus.testcases.SanityDocCustViewTest"/>
  <testcase name="checkEditinginBodyFieldAndFooterFieldinInViewTab" time="18.992" classname="com.focus.testcases.SanityDocCustViewTest"/>
  <testcase name="checkLoginCompanyWithValidCredentials" time="14.728" classname="com.focus.testcases.SanityDocCustViewTest"/>
  <testcase name="checkRuleTabInDocumentCustomization" time="23.711" classname="com.focus.testcases.SanityDocCustViewTest"/>
  <testcase name="checkInputingIncrementInTypeColumnInFifthRowAndCheckFooterValue" time="4.911" classname="com.focus.testcases.SanityDocCustViewTest"/>
  <testcase name="checkRolesInViewsTabUnderDocumentCustomization" time="5.724" classname="com.focus.testcases.SanityDocCustViewTest"/>
  <testcase name="checkLoginAfterDocumentCustOptions" time="14.103" classname="com.focus.testcases.SanityDocCustViewTest"/>
  <testcase name="checkSavedFieldsinPvVatViewVoucherDocumentNUmberingTab" time="23.519" classname="com.focus.testcases.SanityDocCustViewTest"/>
  <testcase name="checkSavingOnClickingUpdateOption" time="4.429" classname="com.focus.testcases.SanityDocCustViewTest"/>
  <testcase name="checkDeleteinCreatedViewInViewTab" time="29.351" classname="com.focus.testcases.SanityDocCustViewTest"/>
  <testcase name="checkNavigateToDocumentNumberingTabInPurchaseVoucherVatView" time="16.410" classname="com.focus.testcases.SanityDocCustViewTest"/>
  <testcase name="checkEditingInTriggersTabUnderPVVATView" time="38.509" classname="com.focus.testcases.SanityDocCustViewTest"/>
  <testcase name="checktheNarrationinHeaderTabEditLayoutinPVVATVIEW" time="15.680" classname="com.focus.testcases.SanityDocCustViewTest"/>
  <testcase name="checkInputingCharacterInputInSecondRowAndCheckFooterValue" time="4.704" classname="com.focus.testcases.SanityDocCustViewTest"/>
  <testcase name="checkCreatedVoucherInventoryTabInDocumentCustoimization" time="13.384" classname="com.focus.testcases.SanityDocCustViewTest"/>
  <testcase name="checkLoadingValesinFieldsOnSelectingLoginInTypeDropDown" time="4.309" classname="com.focus.testcases.SanityDocCustViewTest"/>
  <testcase name="checkFieldTypesinBodyGridViewTab" time="7.303" classname="com.focus.testcases.SanityDocCustViewTest"/>
  <testcase name="checkDeleteTriggerOptionInTriggers" time="12.094" classname="com.focus.testcases.SanityDocCustViewTest"/>
  <testcase name="checkCreatedVoucherMiscellaneousTabInDocumentCustoimization" time="20.459" classname="com.focus.testcases.SanityDocCustViewTest"/>
  <testcase name="checkSaveTriggerWithRaiseDocumentOptionInTriggers" time="48.638" classname="com.focus.testcases.SanityDocCustViewTest"/>
  <testcase name="checkCreatedVoucherEditScreenTabInDocumentCustoimization" time="43.070" classname="com.focus.testcases.SanityDocCustViewTest"/>
  <testcase name="checkSelectingLoginNameandInputingStartingValueandNoofCharactersandCheckFooterValue" time="5.869" classname="com.focus.testcases.SanityDocCustViewTest"/>
  <testcase name="checkRuleTabOptions" time="12.712" classname="com.focus.testcases.SanityDocCustViewTest"/>
  <testcase name="checkLogoutUserDocumentCustOptions" time="4.924" classname="com.focus.testcases.SanityDocCustViewTest"/>
  <testcase name="checkViewTabHeaderOptionsINVeiwTabUnderDocumentCustomization" time="8.330" classname="com.focus.testcases.SanityDocCustViewTest"/>
  <testcase name="checkSelectingNameandInputingStartingValueandNoofCharactersandCheckFooterValue" time="4.517" classname="com.focus.testcases.SanityDocCustViewTest"/>
  <testcase name="checkCreatingViewInViewTab" time="26.237" classname="com.focus.testcases.SanityDocCustViewTest"/>
  <testcase name="checkCreatingRuleinRuleTAbUnderDocumentCustomization" time="53.120" classname="com.focus.testcases.SanityDocCustViewTest"/>
  <testcase name="checkTypeDropdownValues" time="0.630" classname="com.focus.testcases.SanityDocCustViewTest"/>
</testsuite> <!-- com.focus.testcases.SanityDocCustViewTest -->
