<?xml version="1.0" encoding="UTF-8"?>
<!-- Generated by org.testng.reporters.JUnitReportReporter -->
<testsuite hostname="FOCUS-QA-4" name="com.focus.testcases.TransactionAuthorizationTest" tests="3" failures="0" timestamp="10 May 2021 13:43:07 GMT" time="69.880" errors="0">
  <testcase name="checkSavingTransactionAuthorizationInPurchaseReturns" time="30.393" classname="com.focus.testcases.TransactionAuthorizationTest"/>
  <testcase name="checkDeletingTransactionAuthorizationInPurchaseReturns" time="12.125" classname="com.focus.testcases.TransactionAuthorizationTest"/>
  <testcase name="checkEditingTransactionAuthorizationInPurchaseReturns" time="27.362" classname="com.focus.testcases.TransactionAuthorizationTest"/>
</testsuite> <!-- com.focus.testcases.TransactionAuthorizationTest -->
