<?xml version="1.0" encoding="UTF-8"?>
<!-- Generated by org.testng.reporters.JUnitReportReporter -->
<testsuite hostname="FOCUS-QA-4" name="com.focus.testcases.DepartmentTest" tests="5" failures="0" timestamp="10 May 2021 13:43:07 GMT" time="15.455" errors="0">
  <testcase name="checkUpdatedDepartmentMasterDisplayInDepartment" time="0.168" classname="com.focus.testcases.DepartmentTest"/>
  <testcase name="checkSavingDepartmentInDepartmentMaster" time="3.163" classname="com.focus.testcases.DepartmentTest"/>
  <testcase name="checkDepartmentMasterInMAsterMenu" time="6.053" classname="com.focus.testcases.DepartmentTest"/>
  <testcase name="checkDeleteInDepartmentMaster" time="3.142" classname="com.focus.testcases.DepartmentTest"/>
  <testcase name="checkEditingInSavedDepartmentINDepartmentMaster" time="2.929" classname="com.focus.testcases.DepartmentTest"/>
</testsuite> <!-- com.focus.testcases.DepartmentTest -->
