<?xml version="1.0" encoding="UTF-8"?>
<!-- Generated by org.testng.reporters.JUnitReportReporter -->
<testsuite hostname="FOCUS-QA-4" name="com.focus.testcases.CreditNotesTest" tests="6" failures="0" timestamp="10 May 2021 15:27:15 GMT" time="173.353" errors="0">
  <testcase name="checkSavingCreditNotesVoucher1" time="100.455" classname="com.focus.testcases.CreditNotesTest"/>
  <testcase name="checkDeletingCreditNotesVoucher2" time="5.878" classname="com.focus.testcases.CreditNotesTest"/>
  <testcase name="checkCustomizationOptionInCreditNotes" time="32.675" classname="com.focus.testcases.CreditNotesTest"/>
  <testcase name="checkVerifingDetailsOfSavedCreditNotesVoucherInHomepage" time="2.405" classname="com.focus.testcases.CreditNotesTest"/>
  <testcase name="checkEditingCreditNotesVoucher1" time="12.704" classname="com.focus.testcases.CreditNotesTest"/>
  <testcase name="checkSavingCreditNotesVoucher2" time="19.236" classname="com.focus.testcases.CreditNotesTest"/>
</testsuite> <!-- com.focus.testcases.CreditNotesTest -->
