<?xml version="1.0" encoding="UTF-8"?>
<!-- Generated by org.testng.reporters.JUnitReportReporter -->
<testsuite hostname="FOCUS-QA-4" name="com.focus.testcases.BuyerPriceBookTest" tests="6" failures="0" timestamp="10 May 2021 13:43:07 GMT" time="112.981" errors="0">
  <testcase name="checkDeletingBuyerPriceBook" time="8.425" classname="com.focus.testcases.BuyerPriceBookTest"/>
  <testcase name="checkUpdatingBuyerPriceBook" time="7.055" classname="com.focus.testcases.BuyerPriceBookTest"/>
  <testcase name="checkSavingBuyerPriceBook" time="16.047" classname="com.focus.testcases.BuyerPriceBookTest"/>
  <testcase name="checkCopyPasteAndSavingBuyerPriceBook" time="11.878" classname="com.focus.testcases.BuyerPriceBookTest"/>
  <testcase name="checkExportingBuyerPriceBook" time="13.070" classname="com.focus.testcases.BuyerPriceBookTest"/>
  <testcase name="checkImportingBuyerPriceBook" time="56.506" classname="com.focus.testcases.BuyerPriceBookTest"/>
</testsuite> <!-- com.focus.testcases.BuyerPriceBookTest -->
