<?xml version="1.0" encoding="UTF-8"?>
<!-- Generated by org.testng.reporters.JUnitReportReporter -->
<testsuite hostname="FOCUS-QA-4" name="com.focus.testcases.MasterAuthorizationTest" tests="16" failures="0" timestamp="10 May 2021 13:43:07 GMT" time="285.539" errors="0">
  <testcase name="checkCreatingDemoWarehouseAndTrialWarehouse" time="15.636" classname="com.focus.testcases.MasterAuthorizationTest"/>
  <testcase name="checkDeleteInWarehouseInWarehouseMaster" time="17.671" classname="com.focus.testcases.MasterAuthorizationTest"/>
  <testcase name="checkLogoutAndLoginWithUserAllOptionsForWarehouseAuthorization" time="13.574" classname="com.focus.testcases.MasterAuthorizationTest"/>
  <testcase name="checkDeletingMasterAuthorization" time="12.042" classname="com.focus.testcases.MasterAuthorizationTest"/>
  <testcase name="checkLogoutAndLoginWithUserAllOptions" time="13.536" classname="com.focus.testcases.MasterAuthorizationTest"/>
  <testcase name="checkShowAllUnAuthorizeOptionInAccountsMasterPage" time="8.890" classname="com.focus.testcases.MasterAuthorizationTest"/>
  <testcase name="checkVerifyingWarehouseCreated" time="19.224" classname="com.focus.testcases.MasterAuthorizationTest"/>
  <testcase name="checkVerifyingWarehouseCreatedAfterAuthorization" time="19.241" classname="com.focus.testcases.MasterAuthorizationTest"/>
  <testcase name="checkLogoutAndLoginWithSU" time="13.425" classname="com.focus.testcases.MasterAuthorizationTest"/>
  <testcase name="checkEditingMasterAuthorization" time="26.430" classname="com.focus.testcases.MasterAuthorizationTest"/>
  <testcase name="checkLogoutAndLoginWithSUAfterWarehouseAuthorization" time="13.440" classname="com.focus.testcases.MasterAuthorizationTest"/>
  <testcase name="checkValidatingAndAuthorizingWarehouseForAuthorization" time="18.467" classname="com.focus.testcases.MasterAuthorizationTest"/>
  <testcase name="checkValidatingAndAuthorizingTrialWarehouse" time="18.311" classname="com.focus.testcases.MasterAuthorizationTest"/>
  <testcase name="checkVerifyingWarehouseInPurchaseVoucherAfterAuthorization" time="19.076" classname="com.focus.testcases.MasterAuthorizationTest"/>
  <testcase name="checkSavingMasterAuthorization" time="29.850" classname="com.focus.testcases.MasterAuthorizationTest"/>
  <testcase name="checkCreatingWarehouseFromVoucherLevelAndValidatingWarehouseList" time="26.726" classname="com.focus.testcases.MasterAuthorizationTest"/>
</testsuite> <!-- com.focus.testcases.MasterAuthorizationTest -->
