<?xml version="1.0" encoding="UTF-8"?>
<!-- Generated by org.testng.reporters.JUnitReportReporter -->
<testsuite hostname="FOCUS-QA-4" name="com.focus.testcases.UnitConversionTest" tests="3" failures="0" timestamp="10 May 2021 13:43:07 GMT" time="29.945" errors="0">
  <testcase name="checkDeletingUnitConversion" time="16.559" classname="com.focus.testcases.UnitConversionTest"/>
  <testcase name="checkUpdatingUnitConversion" time="7.798" classname="com.focus.testcases.UnitConversionTest"/>
  <testcase name="checkSavingUnitConversion" time="5.588" classname="com.focus.testcases.UnitConversionTest"/>
</testsuite> <!-- com.focus.testcases.UnitConversionTest -->
