<?xml version="1.0" encoding="UTF-8"?>
<!-- Generated by org.testng.reporters.JUnitReportReporter -->
<testsuite hostname="FOCUS-QA-4" name="com.focus.testcases.ReceiptsVATVoucherTest" tests="5" failures="0" timestamp="10 May 2021 15:27:15 GMT" time="79.296" errors="0">
  <testcase name="checkVerifingDetailsOfSavedReceiptsVATVoucherInHomepage" time="2.235" classname="com.focus.testcases.ReceiptsVATVoucherTest"/>
  <testcase name="checkDeletingRecepitsVATVocher2" time="3.868" classname="com.focus.testcases.ReceiptsVATVoucherTest"/>
  <testcase name="checkSavingRecepitsVATVocher1" time="40.970" classname="com.focus.testcases.ReceiptsVATVoucherTest"/>
  <testcase name="checkEditingRecepitsVATVocher1" time="12.462" classname="com.focus.testcases.ReceiptsVATVoucherTest"/>
  <testcase name="checkSavingRecepitsVATVocher2" time="19.761" classname="com.focus.testcases.ReceiptsVATVoucherTest"/>
</testsuite> <!-- com.focus.testcases.ReceiptsVATVoucherTest -->
