<?xml version="1.0" encoding="UTF-8"?>
<!-- Generated by org.testng.reporters.JUnitReportReporter -->
<testsuite hostname="FOCUS-QA-4" name="com.focus.testcases.AccountsTest" tests="4" failures="0" timestamp="10 May 2021 13:43:07 GMT" time="22.561" errors="0">
  <testcase name="checkSavingAccountINAccountMaster" time="6.533" classname="com.focus.testcases.AccountsTest"/>
  <testcase name="checkDeleteAccountInAccountMaster" time="9.169" classname="com.focus.testcases.AccountsTest"/>
  <testcase name="checkUpdatedAccountDisplayInAccountGridBeforeCustomization" time="2.177" classname="com.focus.testcases.AccountsTest"/>
  <testcase name="checkEditingInSavedAccountINAccountMaster" time="4.682" classname="com.focus.testcases.AccountsTest"/>
</testsuite> <!-- com.focus.testcases.AccountsTest -->
