<?xml version="1.0" encoding="UTF-8"?>
<!-- Generated by org.testng.reporters.JUnitReportReporter -->
<testsuite hostname="FOCUS-QA-4" name="com.focus.testcases.CompanyOptionsTest" tests="11" failures="0" timestamp="10 May 2021 12:51:01 GMT" time="104.027" errors="0">
  <testcase name="verifyCloseEditCompanyPageClickOnCancelButton" time="1.148" classname="com.focus.testcases.CompanyOptionsTest"/>
  <testcase name="checkLogOutAndLoginAfterEditCompany" time="13.803" classname="com.focus.testcases.CompanyOptionsTest"/>
  <testcase name="verifyAlertByUpdatingCompanyClickOnOkButton" time="7.673" classname="com.focus.testcases.CompanyOptionsTest"/>
  <testcase name="verifyAvailabilityOptionsInAboutIdQuickAccessMenu" time="4.555" classname="com.focus.testcases.CompanyOptionsTest"/>
  <testcase name="checkLogin" time="14.855" classname="com.focus.testcases.CompanyOptionsTest"/>
  <testcase name="verifySearchOptionByInputingEditCompany" time="3.012" classname="com.focus.testcases.CompanyOptionsTest"/>
  <testcase name="verifyAvailabilityOptionsInWrapperLayout" time="0.435" classname="com.focus.testcases.CompanyOptionsTest"/>
  <testcase name="verifyClickOnAbout" time="2.326" classname="com.focus.testcases.CompanyOptionsTest"/>
  <testcase name="checkDeleteCompanyOptionInSearch" time="18.092" classname="com.focus.testcases.CompanyOptionsTest"/>
  <testcase name="verifySelectEditCompanyFromSearch" time="10.664" classname="com.focus.testcases.CompanyOptionsTest"/>
  <testcase name="checkRestoreCompanyForSanity" time="27.464" classname="com.focus.testcases.CompanyOptionsTest"/>
</testsuite> <!-- com.focus.testcases.CompanyOptionsTest -->
