<?xml version="1.0" encoding="UTF-8"?>
<!-- Generated by org.testng.reporters.JUnitReportReporter -->
<testsuite hostname="FOCUS-QA-4" name="com.focus.testcases.ExchangeRateAndExchangeRateHistoryTest" tests="7" failures="0" timestamp="10 May 2021 13:43:07 GMT" time="64.791" errors="0">
  <testcase name="checkSavingCurrencyExchnageRate" time="4.917" classname="com.focus.testcases.ExchangeRateAndExchangeRateHistoryTest"/>
  <testcase name="checkOpenExchangeRate" time="13.039" classname="com.focus.testcases.ExchangeRateAndExchangeRateHistoryTest"/>
  <testcase name="checkExchangeRateHistoryAfterUpdating" time="14.030" classname="com.focus.testcases.ExchangeRateAndExchangeRateHistoryTest"/>
  <testcase name="checkDeleteOptionInExchangeRate" time="1.606" classname="com.focus.testcases.ExchangeRateAndExchangeRateHistoryTest"/>
  <testcase name="checkOpenExchangeRateHistory" time="11.111" classname="com.focus.testcases.ExchangeRateAndExchangeRateHistoryTest"/>
  <testcase name="checkUpdateExchangeRate" time="14.666" classname="com.focus.testcases.ExchangeRateAndExchangeRateHistoryTest"/>
  <testcase name="checkExchangeRateHistoryLoadButtonWithBaseCurrency" time="5.422" classname="com.focus.testcases.ExchangeRateAndExchangeRateHistoryTest"/>
</testsuite> <!-- com.focus.testcases.ExchangeRateAndExchangeRateHistoryTest -->
