<?xml version="1.0" encoding="UTF-8"?>
<!-- Generated by org.testng.reporters.JUnitReportReporter -->
<testsuite hostname="FOCUS-QA-4" name="com.focus.testcases.DocumentCustomizationTest" tests="32" failures="0" timestamp="10 May 2021 13:43:07 GMT" time="260.938" errors="0">
  <testcase name="checkCreatingNewVoucherPurchaseVoucheVAT" time="78.464" classname="com.focus.testcases.DocumentCustomizationTest"/>
  <testcase name="checkEditFieldInEditScreenFooterInTrialPurchaseUpdate" time="2.563" classname="com.focus.testcases.DocumentCustomizationTest"/>
  <testcase name="checkEditingViewInTrialVoucherUpdate" time="2.785" classname="com.focus.testcases.DocumentCustomizationTest"/>
  <testcase name="checkDeleteFieldInEditLayoutHeaderInTrialPurchaseUpdate" time="2.962" classname="com.focus.testcases.DocumentCustomizationTest"/>
  <testcase name="checkEditingDocumentNumberingInTrialVoucherUpdate" time="1.184" classname="com.focus.testcases.DocumentCustomizationTest"/>
  <testcase name="checkDeleteFieldInEditLayoutBodyInTrialPurchaseUpdate" time="2.621" classname="com.focus.testcases.DocumentCustomizationTest"/>
  <testcase name="checkDeletingViewInTrialVoucherUpdate" time="1.144" classname="com.focus.testcases.DocumentCustomizationTest"/>
  <testcase name="checkSavingDocumentNumberingInTrialVoucherUpdate" time="5.887" classname="com.focus.testcases.DocumentCustomizationTest"/>
  <testcase name="checkSavingTriggerInTrialVoucherUpdate" time="14.047" classname="com.focus.testcases.DocumentCustomizationTest"/>
  <testcase name="checkUnSelectingApplyRateSchemesInInventoryOptionsTabInTrialPurchaseUpdate" time="1.193" classname="com.focus.testcases.DocumentCustomizationTest"/>
  <testcase name="checkDeletingDocumentNumberingInTrialVoucherUpdate" time="1.068" classname="com.focus.testcases.DocumentCustomizationTest"/>
  <testcase name="checkDeletingRuleInTrialVoucherUpdate" time="12.503" classname="com.focus.testcases.DocumentCustomizationTest"/>
  <testcase name="checkSelectingApplyRateSchemesInInventoryOptionsTabInTrialPurchaseUpdate" time="5.982" classname="com.focus.testcases.DocumentCustomizationTest"/>
  <testcase name="checkAddFieldInEditScreenFooterInTrialPurchaseUpdate" time="7.598" classname="com.focus.testcases.DocumentCustomizationTest"/>
  <testcase name="checkAddFieldInEditLayoutHeaderInTrialPurchaseUpdate" time="2.819" classname="com.focus.testcases.DocumentCustomizationTest"/>
  <testcase name="checkUpdatingMiscellaneousTabInPurchaseVoucher" time="7.091" classname="com.focus.testcases.DocumentCustomizationTest"/>
  <testcase name="checkEditingRuleInTrialVoucherUpdate" time="8.906" classname="com.focus.testcases.DocumentCustomizationTest"/>
  <testcase name="checkEditingTriggerInTrialVoucherUpdate" time="5.471" classname="com.focus.testcases.DocumentCustomizationTest"/>
  <testcase name="checkAddFieldInEditScreenBodyInTrialPurchaseUpdate" time="11.920" classname="com.focus.testcases.DocumentCustomizationTest"/>
  <testcase name="checkSavingViewInTrialVoucherUpdate" time="12.941" classname="com.focus.testcases.DocumentCustomizationTest"/>
  <testcase name="checkEditingMiscellaneousTabInPurchaseVoucher" time="3.566" classname="com.focus.testcases.DocumentCustomizationTest"/>
  <testcase name="checkDeletingTrialVoucherUpdate" time="4.648" classname="com.focus.testcases.DocumentCustomizationTest"/>
  <testcase name="checkEditingPurchaseVoucherDocumentAndUpdate" time="2.381" classname="com.focus.testcases.DocumentCustomizationTest"/>
  <testcase name="checkSavingDocumentCustomizationPurchaseVoucherDocumentsTabAndVerify" time="25.349" classname="com.focus.testcases.DocumentCustomizationTest"/>
  <testcase name="checkAddFieldInEditLayoutBodyInTrialPurchaseUpdate" time="5.683" classname="com.focus.testcases.DocumentCustomizationTest"/>
  <testcase name="checkDeletingTriggerInTrialVoucherUpdate" time="6.384" classname="com.focus.testcases.DocumentCustomizationTest"/>
  <testcase name="checkDeleteFieldInEditScreenBodyInTrialPurchaseUpdate" time="2.738" classname="com.focus.testcases.DocumentCustomizationTest"/>
  <testcase name="checkSavingRuleInTrialVoucherUpdate" time="10.248" classname="com.focus.testcases.DocumentCustomizationTest"/>
  <testcase name="checkEditFieldInEditLayoutHeaderInTrialPurchaseUpdate" time="1.824" classname="com.focus.testcases.DocumentCustomizationTest"/>
  <testcase name="checkEditFieldInEditScreenBodyInTrialPurchaseUpdate" time="2.606" classname="com.focus.testcases.DocumentCustomizationTest"/>
  <testcase name="checkDeleteFieldInEditScreenFooterInTrialPurchaseUpdate" time="2.605" classname="com.focus.testcases.DocumentCustomizationTest"/>
  <testcase name="checkEditFieldInEditLayoutBodyInTrialPurchaseUpdate" time="3.757" classname="com.focus.testcases.DocumentCustomizationTest"/>
</testsuite> <!-- com.focus.testcases.DocumentCustomizationTest -->
