<?xml version="1.0" encoding="UTF-8"?>
<!-- Generated by org.testng.reporters.JUnitReportReporter -->
<testsuite hostname="FOCUS-QA-4" name="com.focus.testcases.VoucherPrintOptionsTest" tests="1" failures="0" timestamp="17 May 2021 05:00:29 GMT" time="181.156" errors="0">
  <testcase name="checkCreatingLayoutWithTwoPages" time="181.156" classname="com.focus.testcases.VoucherPrintOptionsTest"/>
</testsuite> <!-- com.focus.testcases.VoucherPrintOptionsTest -->
